build/app/outputs/mapping/release/mapping.txt
# compiler: R8
# compiler_version: 1.5.69
# min_api: 16
# pg_map_id: 7bc6332
br.com.alfatektecnologia.latam.MainActivity -> br.com.alfatektecnologia.latam.MainActivity:
    void configureFlutterEngine(io.flutter.embedding.engine.FlutterEngine) -> b
...
com.google.firebase.iid.zzab -> com.google.firebase.iid.e:
    android.os.IBinder zzb -> b
    com.google.firebase.iid.zzw zza -> a
com.google.firebase.iid.zzac -> com.google.firebase.iid.f:
    com.google.firebase.iid.zzw zza -> a
    com.google.firebase.iid.zzah zzb -> b
com.google.firebase.iid.zzad -> com.google.firebase.iid.g:
    com.google.firebase.iid.zzw zza -> a
com.google.firebase.iid.zzaf -> com.google.firebase.iid.h:
    android.os.Messenger zza -> a
    com.google.firebase.iid.zzf zzb -> b
    void zza(android.os.Message) -> a
com.google.firebase.iid.zzag -> com.google.firebase.iid.i:
    int zza -> a
    int zza() -> a
com.google.firebase.iid.zzah -> com.google.firebase.iid.j:
    android.os.Bundle zzd -> d
    int zzc -> c
    int zza -> a
    com.google.android.gms.tasks.TaskCompletionSource zzb -> b
    void zza(android.os.Bundle) -> a
    void zza(com.google.firebase.iid.zzag) -> a
    void zza(java.lang.Object) -> a
    boolean zza() -> a
com.google.firebase.iid.zzai -> com.google.firebase.iid.k:
    android.content.Context zza -> a
    int zzd -> d
    int zze -> e
    java.lang.String zzc -> c
    java.lang.String zzb -> b
    int zza() -> a
    android.content.pm.PackageInfo zza(java.lang.String) -> a
    java.lang.String zza(com.google.firebase.FirebaseApp) -> a
    java.lang.String zza(java.security.PublicKey) -> a
    java.lang.String zzb() -> b
    java.lang.String zzc() -> c
    int zzd() -> d
    void zze() -> e
com.google.firebase.iid.zzaj -> com.google.firebase.iid.l:
    void zza(android.os.Bundle) -> a
    boolean zza() -> a
com.google.firebase.iid.zzak -> com.google.firebase.iid.m:
    com.google.firebase.components.ComponentFactory zza -> a
    java.lang.Object create(com.google.firebase.components.ComponentContainer) -> a
com.google.firebase.iid.zzal -> com.google.firebase.iid.n:
    com.google.firebase.components.ComponentFactory zza -> a
    java.lang.Object create(com.google.firebase.components.ComponentContainer) -> a
com.google.firebase.iid.zzam -> com.google.firebase.iid.o:
    com.google.firebase.iid.zzan zza -> a
    android.util.Pair zzb -> b
    java.lang.Object then(com.google.android.gms.tasks.Task) -> a
com.google.firebase.iid.zzan -> com.google.firebase.iid.p:
    java.util.Map zzb -> b
    java.util.concurrent.Executor zza -> a
    com.google.android.gms.tasks.Task zza(android.util.Pair,com.google.android.gms.tasks.Task) -> a
    com.google.android.gms.tasks.Task zza(java.lang.String,java.lang.String,com.google.firebase.iid.zzap) -> a
com.google.firebase.iid.zzao -> com.google.firebase.iid.q:
    androidx.collection.SimpleArrayMap zzc -> a
    android.os.Messenger zzg -> e
    android.app.PendingIntent zzb -> h
    android.content.Context zzd -> b
    com.google.firebase.iid.zzf zzh -> f
    android.os.Messenger zzf -> d
    int zza -> g
    com.google.firebase.iid.zzai zze -> c
    android.os.Bundle zza(android.os.Bundle) -> a
    java.lang.String zza() -> a
    void zza(android.content.Context,android.content.Intent) -> a
    void zza(android.os.Message) -> a
    void zza(com.google.firebase.iid.zzao,android.os.Message) -> a
    void zza(java.lang.String,android.os.Bundle) -> a
    android.os.Bundle zzb(android.os.Bundle) -> b
    android.os.Bundle zzc(android.os.Bundle) -> c
com.google.firebase.iid.zzap -> com.google.firebase.iid.r:
    com.google.android.gms.tasks.Task zza() -> f
com.google.firebase.iid.zzaq -> com.google.firebase.iid.s:
    com.google.firebase.iid.zzaq zza -> e
    java.util.Queue zze -> d
    java.lang.String zzb -> a
    java.lang.Boolean zzd -> c
    java.lang.Boolean zzc -> b
    int zza(android.content.Context,android.content.Intent) -> a
    com.google.firebase.iid.zzaq zza() -> a
    boolean zza(android.content.Context) -> a
    int zzb(android.content.Context,android.content.Intent) -> b
    boolean zzb(android.content.Context) -> b
    java.lang.String zzc(android.content.Context,android.content.Intent) -> c